# JRE version: OpenJDK Runtime Environment Temurin-17.0.7+7 (17.0.7+7) (build 17.0.7+7)
# Java VM: OpenJDK 64-Bit Server VM Temurin-17.0.7+7 (17.0.7+7, mixed mode, sharing, tiered, compressed oops, compressed class ptrs, g1 gc, windows-amd64)
GC Precious Log:
 CPUs: 20 total, 20 available
 Memory: 16011M
 Large Page Support: Disabled
 NUMA Support: Disabled
 Compressed Oops: Enabled (Zero based)
 Heap Region Size: 2M
 Heap Min Capacity: 512M
 Heap Initial Capacity: 512M
 Heap Max Capacity: 4072M
 Pre-touch: Disabled
 Parallel Workers: 15
 Concurrent Workers: 4
 Concurrent Refinement Workers: 15
 Periodic GC: Disabled
 String Deduplication is enabled
Heap:
 garbage-first heap   total 524288K, used 155889K [0x0000000701800000, 0x0000000800000000)
  region size 2048K, 30 young (61440K), 1 survivors (2048K)
 Metaspace       used 88976K, committed 89728K, reserved 1179648K
  class space    used 11824K, committed 12224K, reserved 1048576K
GC Heap History (20 events):
Event: 3260.487 GC heap before
{Heap before GC invocations=1105 (full 922):
 garbage-first heap   total 524288K, used 182397K [0x0000000701800000, 0x0000000800000000)
  region size 2048K, 40 young (81920K), 1 survivors (2048K)
 Metaspace       used 88949K, committed 89728K, reserved 1179648K
  class space    used 11824K, committed 12224K, reserved 1048576K
}
Event: 3260.490 GC heap after
{Heap after GC invocations=1106 (full 922):
 garbage-first heap   total 524288K, used 102686K [0x0000000701800000, 0x0000000800000000)
  region size 2048K, 1 young (2048K), 1 survivors (2048K)
 Metaspace       used 88949K, committed 89728K, reserved 1179648K
  class space    used 11824K, committed 12224K, reserved 1048576K
}
Event: 3264.454 GC heap before
{Heap before GC invocations=1106 (full 922):
 garbage-first heap   total 524288K, used 182558K [0x0000000701800000, 0x0000000800000000)
  region size 2048K, 40 young (81920K), 1 survivors (2048K)
 Metaspace       used 88949K, committed 89728K, reserved 1179648K
  class space    used 11824K, committed 12224K, reserved 1048576K
}
Event: 3264.456 GC heap after
{Heap after GC invocations=1107 (full 922):
 garbage-first heap   total 524288K, used 102730K [0x0000000701800000, 0x0000000800000000)
  region size 2048K, 1 young (2048K), 1 survivors (2048K)
 Metaspace       used 88949K, committed 89728K, reserved 1179648K
  class space    used 11824K, committed 12224K, reserved 1048576K
}
Event: 3266.274 GC heap before
{Heap before GC invocations=1107 (full 922):
 garbage-first heap   total 524288K, used 129354K [0x0000000701800000, 0x0000000800000000)
  region size 2048K, 15 young (30720K), 1 survivors (2048K)
 Metaspace       used 88949K, committed 89728K, reserved 1179648K
  class space    used 11824K, committed 12224K, reserved 1048576K
}
Event: 3266.327 GC heap after
{Heap after GC invocations=1108 (full 923):
 garbage-first heap   total 524288K, used 98991K [0x0000000701800000, 0x0000000800000000)
  region size 2048K, 0 young (0K), 0 survivors (0K)
 Metaspace       used 88949K, committed 89728K, reserved 1179648K
  class space    used 11824K, committed 12224K, reserved 1048576K
}
Event: 3272.436 GC heap before
{Heap before GC invocations=1108 (full 923):
 garbage-first heap   total 524288K, used 160431K [0x0000000701800000, 0x0000000800000000)
  region size 2048K, 29 young (59392K), 0 survivors (0K)
 Metaspace       used 88970K, committed 89728K, reserved 1179648K
  class space    used 11824K, committed 12224K, reserved 1048576K
}
Event: 3272.488 GC heap after
{Heap after GC invocations=1109 (full 924):
 garbage-first heap   total 524288K, used 99106K [0x0000000701800000, 0x0000000800000000)
  region size 2048K, 0 young (0K), 0 survivors (0K)
 Metaspace       used 88970K, committed 89728K, reserved 1179648K
  class space    used 11824K, committed 12224K, reserved 1048576K
}
Event: 3272.901 GC heap before
{Heap before GC invocations=1109 (full 924):
 garbage-first heap   total 524288K, used 99106K [0x0000000701800000, 0x0000000800000000)
  region size 2048K, 1 young (2048K), 0 survivors (0K)
 Metaspace       used 88970K, committed 89728K, reserved 1179648K
  class space    used 11824K, committed 12224K, reserved 1048576K
}
Event: 3272.951 GC heap after
{Heap after GC invocations=1110 (full 925):
 garbage-first heap   total 524288K, used 99041K [0x0000000701800000, 0x0000000800000000)
  region size 2048K, 0 young (0K), 0 survivors (0K)
 Metaspace       used 88970K, committed 89728K, reserved 1179648K
  class space    used 11824K, committed 12224K, reserved 1048576K
}
Event: 3273.377 GC heap before
{Heap before GC invocations=1110 (full 925):
 garbage-first heap   total 524288K, used 99041K [0x0000000701800000, 0x0000000800000000)
  region size 2048K, 1 young (2048K), 0 survivors (0K)
 Metaspace       used 88970K, committed 89728K, reserved 1179648K
  class space    used 11824K, committed 12224K, reserved 1048576K
}
Event: 3273.431 GC heap after
{Heap after GC invocations=1111 (full 926):
 garbage-first heap   total 524288K, used 98223K [0x0000000701800000, 0x0000000800000000)
  region size 2048K, 0 young (0K), 0 survivors (0K)
 Metaspace       used 88970K, committed 89728K, reserved 1179648K
  class space    used 11824K, committed 12224K, reserved 1048576K
}
Event: 3273.917 GC heap before
{Heap before GC invocations=1111 (full 926):
 garbage-first heap   total 524288K, used 98223K [0x0000000701800000, 0x0000000800000000)
  region size 2048K, 1 young (2048K), 0 survivors (0K)
 Metaspace       used 88970K, committed 89728K, reserved 1179648K
  class space    used 11824K, committed 12224K, reserved 1048576K
}
Event: 3273.968 GC heap after
{Heap after GC invocations=1112 (full 927):
 garbage-first heap   total 524288K, used 98224K [0x0000000701800000, 0x0000000800000000)
  region size 2048K, 0 young (0K), 0 survivors (0K)
 Metaspace       used 88970K, committed 89728K, reserved 1179648K
  class space    used 11824K, committed 12224K, reserved 1048576K
}
Event: 3274.769 GC heap before
{Heap before GC invocations=1112 (full 927):
 garbage-first heap   total 524288K, used 98224K [0x0000000701800000, 0x0000000800000000)
  region size 2048K, 1 young (2048K), 0 survivors (0K)
 Metaspace       used 88970K, committed 89728K, reserved 1179648K
  class space    used 11824K, committed 12224K, reserved 1048576K
}
Event: 3274.819 GC heap after
{Heap after GC invocations=1113 (full 928):
 garbage-first heap   total 524288K, used 98231K [0x0000000701800000, 0x0000000800000000)
  region size 2048K, 0 young (0K), 0 survivors (0K)
 Metaspace       used 88970K, committed 89728K, reserved 1179648K
  class space    used 11824K, committed 12224K, reserved 1048576K
}
Event: 3293.101 GC heap before
{Heap before GC invocations=1113 (full 928):
 garbage-first heap   total 524288K, used 180151K [0x0000000701800000, 0x0000000800000000)
  region size 2048K, 40 young (81920K), 0 survivors (0K)
 Metaspace       used 88972K, committed 89728K, reserved 1179648K
  class space    used 11824K, committed 12224K, reserved 1048576K
}
Event: 3293.103 GC heap after
{Heap after GC invocations=1114 (full 928):
 garbage-first heap   total 524288K, used 98697K [0x0000000701800000, 0x0000000800000000)
  region size 2048K, 1 young (2048K), 1 survivors (2048K)
 Metaspace       used 88972K, committed 89728K, reserved 1179648K
  class space    used 11824K, committed 12224K, reserved 1048576K
}
Event: 3298.764 GC heap before
{Heap before GC invocations=1114 (full 928):
 garbage-first heap   total 524288K, used 178569K [0x0000000701800000, 0x0000000800000000)
  region size 2048K, 40 young (81920K), 1 survivors (2048K)
 Metaspace       used 88972K, committed 89728K, reserved 1179648K
  class space    used 11824K, committed 12224K, reserved 1048576K
}
Event: 3298.767 GC heap after
{Heap after GC invocations=1115 (full 928):
 garbage-first heap   total 524288K, used 98545K [0x0000000701800000, 0x0000000800000000)
  region size 2048K, 1 young (2048K), 1 survivors (2048K)
 Metaspace       used 88972K, committed 89728K, reserved 1179648K
  class space    used 11824K, committed 12224K, reserved 1048576K
}

