# JRE version: OpenJDK Runtime Environment Temurin-17.0.7+7 (17.0.7+7) (build 17.0.7+7)
# Java VM: OpenJDK 64-Bit Server VM Temurin-17.0.7+7 (17.0.7+7, mixed mode, sharing, tiered, compressed oops, compressed class ptrs, g1 gc, windows-amd64)
GC Precious Log:
 CPUs: 20 total, 20 available
 Memory: 16011M
 Large Page Support: Disabled
 NUMA Support: Disabled
 Compressed Oops: Enabled (Zero based)
 Heap Region Size: 2M
 Heap Min Capacity: 512M
 Heap Initial Capacity: 512M
 Heap Max Capacity: 4072M
 Pre-touch: Disabled
 Parallel Workers: 15
 Concurrent Workers: 4
 Concurrent Refinement Workers: 15
 Periodic GC: Disabled
 String Deduplication is enabled
Heap:
 garbage-first heap   total 524288K, used 160786K [0x0000000701800000, 0x0000000800000000)
  region size 2048K, 38 young (77824K), 2 survivors (4096K)
 Metaspace       used 87570K, committed 88256K, reserved 1179648K
  class space    used 12111K, committed 12416K, reserved 1048576K
GC Heap History (20 events):
Event: 618.812 GC heap before
{Heap before GC invocations=60 (full 3):
 garbage-first heap   total 524288K, used 168906K [0x0000000701800000, 0x0000000800000000)
  region size 2048K, 40 young (81920K), 1 survivors (2048K)
 Metaspace       used 86924K, committed 87616K, reserved 1179648K
  class space    used 12082K, committed 12416K, reserved 1048576K
}
Event: 618.815 GC heap after
{Heap after GC invocations=61 (full 3):
 garbage-first heap   total 524288K, used 88733K [0x0000000701800000, 0x0000000800000000)
  region size 2048K, 1 young (2048K), 1 survivors (2048K)
 Metaspace       used 86924K, committed 87616K, reserved 1179648K
  class space    used 12082K, committed 12416K, reserved 1048576K
}
Event: 625.221 GC heap before
{Heap before GC invocations=61 (full 3):
 garbage-first heap   total 524288K, used 168605K [0x0000000701800000, 0x0000000800000000)
  region size 2048K, 40 young (81920K), 1 survivors (2048K)
 Metaspace       used 86966K, committed 87616K, reserved 1179648K
  class space    used 12082K, committed 12416K, reserved 1048576K
}
Event: 625.224 GC heap after
{Heap after GC invocations=62 (full 3):
 garbage-first heap   total 524288K, used 89018K [0x0000000701800000, 0x0000000800000000)
  region size 2048K, 1 young (2048K), 1 survivors (2048K)
 Metaspace       used 86966K, committed 87616K, reserved 1179648K
  class space    used 12082K, committed 12416K, reserved 1048576K
}
Event: 628.772 GC heap before
{Heap before GC invocations=62 (full 3):
 garbage-first heap   total 524288K, used 168890K [0x0000000701800000, 0x0000000800000000)
  region size 2048K, 40 young (81920K), 1 survivors (2048K)
 Metaspace       used 87013K, committed 87680K, reserved 1179648K
  class space    used 12082K, committed 12416K, reserved 1048576K
}
Event: 628.775 GC heap after
{Heap after GC invocations=63 (full 3):
 garbage-first heap   total 524288K, used 89099K [0x0000000701800000, 0x0000000800000000)
  region size 2048K, 1 young (2048K), 1 survivors (2048K)
 Metaspace       used 87013K, committed 87680K, reserved 1179648K
  class space    used 12082K, committed 12416K, reserved 1048576K
}
Event: 637.337 GC heap before
{Heap before GC invocations=63 (full 3):
 garbage-first heap   total 524288K, used 154635K [0x0000000701800000, 0x0000000800000000)
  region size 2048K, 34 young (69632K), 1 survivors (2048K)
 Metaspace       used 87089K, committed 87744K, reserved 1179648K
  class space    used 12085K, committed 12416K, reserved 1048576K
}
Event: 637.382 GC heap after
{Heap after GC invocations=64 (full 4):
 garbage-first heap   total 524288K, used 86436K [0x0000000701800000, 0x0000000800000000)
  region size 2048K, 0 young (0K), 0 survivors (0K)
 Metaspace       used 87089K, committed 87744K, reserved 1179648K
  class space    used 12085K, committed 12416K, reserved 1048576K
}
Event: 654.480 GC heap before
{Heap before GC invocations=64 (full 4):
 garbage-first heap   total 524288K, used 168356K [0x0000000701800000, 0x0000000800000000)
  region size 2048K, 40 young (81920K), 0 survivors (0K)
 Metaspace       used 87272K, committed 87936K, reserved 1179648K
  class space    used 12086K, committed 12416K, reserved 1048576K
}
Event: 654.482 GC heap after
{Heap after GC invocations=65 (full 4):
 garbage-first heap   total 524288K, used 87023K [0x0000000701800000, 0x0000000800000000)
  region size 2048K, 1 young (2048K), 1 survivors (2048K)
 Metaspace       used 87272K, committed 87936K, reserved 1179648K
  class space    used 12086K, committed 12416K, reserved 1048576K
}
Event: 669.210 GC heap before
{Heap before GC invocations=65 (full 4):
 garbage-first heap   total 524288K, used 166895K [0x0000000701800000, 0x0000000800000000)
  region size 2048K, 40 young (81920K), 1 survivors (2048K)
 Metaspace       used 87392K, committed 88064K, reserved 1179648K
  class space    used 12105K, committed 12416K, reserved 1048576K
}
Event: 669.212 GC heap after
{Heap after GC invocations=66 (full 4):
 garbage-first heap   total 524288K, used 88415K [0x0000000701800000, 0x0000000800000000)
  region size 2048K, 1 young (2048K), 1 survivors (2048K)
 Metaspace       used 87392K, committed 88064K, reserved 1179648K
  class space    used 12105K, committed 12416K, reserved 1048576K
}
Event: 672.879 GC heap before
{Heap before GC invocations=66 (full 4):
 garbage-first heap   total 524288K, used 168287K [0x0000000701800000, 0x0000000800000000)
  region size 2048K, 40 young (81920K), 1 survivors (2048K)
 Metaspace       used 87440K, committed 88064K, reserved 1179648K
  class space    used 12105K, committed 12416K, reserved 1048576K
}
Event: 672.888 GC heap after
{Heap after GC invocations=67 (full 4):
 garbage-first heap   total 524288K, used 88283K [0x0000000701800000, 0x0000000800000000)
  region size 2048K, 1 young (2048K), 1 survivors (2048K)
 Metaspace       used 87440K, committed 88064K, reserved 1179648K
  class space    used 12105K, committed 12416K, reserved 1048576K
}
Event: 693.388 GC heap before
{Heap before GC invocations=67 (full 4):
 garbage-first heap   total 524288K, used 168155K [0x0000000701800000, 0x0000000800000000)
  region size 2048K, 40 young (81920K), 1 survivors (2048K)
 Metaspace       used 87475K, committed 88128K, reserved 1179648K
  class space    used 12105K, committed 12416K, reserved 1048576K
}
Event: 693.392 GC heap after
{Heap after GC invocations=68 (full 4):
 garbage-first heap   total 524288K, used 88170K [0x0000000701800000, 0x0000000800000000)
  region size 2048K, 1 young (2048K), 1 survivors (2048K)
 Metaspace       used 87475K, committed 88128K, reserved 1179648K
  class space    used 12105K, committed 12416K, reserved 1048576K
}
Event: 706.387 GC heap before
{Heap before GC invocations=68 (full 4):
 garbage-first heap   total 524288K, used 168042K [0x0000000701800000, 0x0000000800000000)
  region size 2048K, 40 young (81920K), 1 survivors (2048K)
 Metaspace       used 87493K, committed 88128K, reserved 1179648K
  class space    used 12105K, committed 12416K, reserved 1048576K
}
Event: 706.390 GC heap after
{Heap after GC invocations=69 (full 4):
 garbage-first heap   total 524288K, used 88120K [0x0000000701800000, 0x0000000800000000)
  region size 2048K, 1 young (2048K), 1 survivors (2048K)
 Metaspace       used 87493K, committed 88128K, reserved 1179648K
  class space    used 12105K, committed 12416K, reserved 1048576K
}
Event: 727.659 GC heap before
{Heap before GC invocations=69 (full 4):
 garbage-first heap   total 524288K, used 167992K [0x0000000701800000, 0x0000000800000000)
  region size 2048K, 40 young (81920K), 1 survivors (2048K)
 Metaspace       used 87528K, committed 88192K, reserved 1179648K
  class space    used 12105K, committed 12416K, reserved 1048576K
}
Event: 727.662 GC heap after
{Heap after GC invocations=70 (full 4):
 garbage-first heap   total 524288K, used 89106K [0x0000000701800000, 0x0000000800000000)
  region size 2048K, 2 young (4096K), 2 survivors (4096K)
 Metaspace       used 87528K, committed 88192K, reserved 1179648K
  class space    used 12105K, committed 12416K, reserved 1048576K
}

