# JRE version: OpenJDK Runtime Environment Temurin-17.0.7+7 (17.0.7+7) (build 17.0.7+7)
# Java VM: OpenJDK 64-Bit Server VM Temurin-17.0.7+7 (17.0.7+7, mixed mode, sharing, tiered, compressed oops, compressed class ptrs, g1 gc, windows-amd64)
GC Precious Log:
 CPUs: 20 total, 20 available
 Memory: 16011M
 Large Page Support: Disabled
 NUMA Support: Disabled
 Compressed Oops: Enabled (Zero based)
 Heap Region Size: 2M
 Heap Min Capacity: 512M
 Heap Initial Capacity: 512M
 Heap Max Capacity: 4072M
 Pre-touch: Disabled
 Parallel Workers: 15
 Concurrent Workers: 4
 Concurrent Refinement Workers: 15
 Periodic GC: Disabled
 String Deduplication is enabled
Heap:
 garbage-first heap   total 524288K, used 117972K [0x0000000701800000, 0x0000000800000000)
  region size 2048K, 11 young (22528K), 1 survivors (2048K)
 Metaspace       used 88814K, committed 89536K, reserved 1179648K
  class space    used 11805K, committed 12160K, reserved 1048576K
GC Heap History (20 events):
Event: 2264.751 GC heap before
{Heap before GC invocations=1191 (full 964):
 garbage-first heap   total 524288K, used 117194K [0x0000000701800000, 0x0000000800000000)
  region size 2048K, 9 young (18432K), 0 survivors (0K)
 Metaspace       used 88775K, committed 89472K, reserved 1179648K
  class space    used 11804K, committed 12160K, reserved 1048576K
}
Event: 2264.753 GC heap after
{Heap after GC invocations=1192 (full 964):
 garbage-first heap   total 524288K, used 101178K [0x0000000701800000, 0x0000000800000000)
  region size 2048K, 1 young (2048K), 1 survivors (2048K)
 Metaspace       used 88775K, committed 89472K, reserved 1179648K
  class space    used 11804K, committed 12160K, reserved 1048576K
}
Event: 2265.638 GC heap before
{Heap before GC invocations=1192 (full 964):
 garbage-first heap   total 524288K, used 119610K [0x0000000701800000, 0x0000000800000000)
  region size 2048K, 9 young (18432K), 1 survivors (2048K)
 Metaspace       used 88781K, committed 89472K, reserved 1179648K
  class space    used 11804K, committed 12160K, reserved 1048576K
}
Event: 2265.687 GC heap after
{Heap after GC invocations=1193 (full 965):
 garbage-first heap   total 524288K, used 98983K [0x0000000701800000, 0x0000000800000000)
  region size 2048K, 0 young (0K), 0 survivors (0K)
 Metaspace       used 88781K, committed 89472K, reserved 1179648K
  class space    used 11804K, committed 12160K, reserved 1048576K
}
Event: 2265.704 GC heap before
{Heap before GC invocations=1193 (full 965):
 garbage-first heap   total 524288K, used 101031K [0x0000000701800000, 0x0000000800000000)
  region size 2048K, 1 young (2048K), 0 survivors (0K)
 Metaspace       used 88781K, committed 89472K, reserved 1179648K
  class space    used 11804K, committed 12160K, reserved 1048576K
}
Event: 2265.751 GC heap after
{Heap after GC invocations=1194 (full 966):
 garbage-first heap   total 524288K, used 99008K [0x0000000701800000, 0x0000000800000000)
  region size 2048K, 0 young (0K), 0 survivors (0K)
 Metaspace       used 88781K, committed 89472K, reserved 1179648K
  class space    used 11804K, committed 12160K, reserved 1048576K
}
Event: 2266.155 GC heap before
{Heap before GC invocations=1194 (full 966):
 garbage-first heap   total 524288K, used 103104K [0x0000000701800000, 0x0000000800000000)
  region size 2048K, 2 young (4096K), 0 survivors (0K)
 Metaspace       used 88781K, committed 89472K, reserved 1179648K
  class space    used 11804K, committed 12160K, reserved 1048576K
}
Event: 2266.207 GC heap after
{Heap after GC invocations=1195 (full 967):
 garbage-first heap   total 524288K, used 99022K [0x0000000701800000, 0x0000000800000000)
  region size 2048K, 0 young (0K), 0 survivors (0K)
 Metaspace       used 88781K, committed 89472K, reserved 1179648K
  class space    used 11804K, committed 12160K, reserved 1048576K
}
Event: 2266.827 GC heap before
{Heap before GC invocations=1195 (full 967):
 garbage-first heap   total 524288K, used 107214K [0x0000000701800000, 0x0000000800000000)
  region size 2048K, 2 young (4096K), 0 survivors (0K)
 Metaspace       used 88781K, committed 89472K, reserved 1179648K
  class space    used 11804K, committed 12160K, reserved 1048576K
}
Event: 2266.873 GC heap after
{Heap after GC invocations=1196 (full 968):
 garbage-first heap   total 524288K, used 99020K [0x0000000701800000, 0x0000000800000000)
  region size 2048K, 0 young (0K), 0 survivors (0K)
 Metaspace       used 88781K, committed 89472K, reserved 1179648K
  class space    used 11804K, committed 12160K, reserved 1048576K
}
Event: 2291.193 GC heap before
{Heap before GC invocations=1196 (full 968):
 garbage-first heap   total 524288K, used 178892K [0x0000000701800000, 0x0000000800000000)
  region size 2048K, 40 young (81920K), 0 survivors (0K)
 Metaspace       used 88790K, committed 89472K, reserved 1179648K
  class space    used 11805K, committed 12160K, reserved 1048576K
}
Event: 2291.195 GC heap after
{Heap after GC invocations=1197 (full 968):
 garbage-first heap   total 524288K, used 99283K [0x0000000701800000, 0x0000000800000000)
  region size 2048K, 1 young (2048K), 1 survivors (2048K)
 Metaspace       used 88790K, committed 89472K, reserved 1179648K
  class space    used 11805K, committed 12160K, reserved 1048576K
}
Event: 2368.204 GC heap before
{Heap before GC invocations=1197 (full 968):
 garbage-first heap   total 524288K, used 179155K [0x0000000701800000, 0x0000000800000000)
  region size 2048K, 40 young (81920K), 1 survivors (2048K)
 Metaspace       used 88798K, committed 89536K, reserved 1179648K
  class space    used 11805K, committed 12160K, reserved 1048576K
}
Event: 2368.206 GC heap after
{Heap after GC invocations=1198 (full 968):
 garbage-first heap   total 524288K, used 99349K [0x0000000701800000, 0x0000000800000000)
  region size 2048K, 1 young (2048K), 1 survivors (2048K)
 Metaspace       used 88798K, committed 89536K, reserved 1179648K
  class space    used 11805K, committed 12160K, reserved 1048576K
}
Event: 2389.533 GC heap before
{Heap before GC invocations=1198 (full 968):
 garbage-first heap   total 524288K, used 179221K [0x0000000701800000, 0x0000000800000000)
  region size 2048K, 40 young (81920K), 1 survivors (2048K)
 Metaspace       used 88804K, committed 89536K, reserved 1179648K
  class space    used 11805K, committed 12160K, reserved 1048576K
}
Event: 2389.535 GC heap after
{Heap after GC invocations=1199 (full 968):
 garbage-first heap   total 524288K, used 99326K [0x0000000701800000, 0x0000000800000000)
  region size 2048K, 1 young (2048K), 1 survivors (2048K)
 Metaspace       used 88804K, committed 89536K, reserved 1179648K
  class space    used 11805K, committed 12160K, reserved 1048576K
}
Event: 2402.480 GC heap before
{Heap before GC invocations=1199 (full 968):
 garbage-first heap   total 524288K, used 179198K [0x0000000701800000, 0x0000000800000000)
  region size 2048K, 40 young (81920K), 1 survivors (2048K)
 Metaspace       used 88804K, committed 89536K, reserved 1179648K
  class space    used 11805K, committed 12160K, reserved 1048576K
}
Event: 2402.482 GC heap after
{Heap after GC invocations=1200 (full 968):
 garbage-first heap   total 524288K, used 99343K [0x0000000701800000, 0x0000000800000000)
  region size 2048K, 1 young (2048K), 1 survivors (2048K)
 Metaspace       used 88804K, committed 89536K, reserved 1179648K
  class space    used 11805K, committed 12160K, reserved 1048576K
}
Event: 2406.183 GC heap before
{Heap before GC invocations=1200 (full 968):
 garbage-first heap   total 524288K, used 179215K [0x0000000701800000, 0x0000000800000000)
  region size 2048K, 40 young (81920K), 1 survivors (2048K)
 Metaspace       used 88804K, committed 89536K, reserved 1179648K
  class space    used 11805K, committed 12160K, reserved 1048576K
}
Event: 2406.186 GC heap after
{Heap after GC invocations=1201 (full 968):
 garbage-first heap   total 524288K, used 99540K [0x0000000701800000, 0x0000000800000000)
  region size 2048K, 1 young (2048K), 1 survivors (2048K)
 Metaspace       used 88804K, committed 89536K, reserved 1179648K
  class space    used 11805K, committed 12160K, reserved 1048576K
}

