# JRE version: OpenJDK Runtime Environment Temurin-17.0.7+7 (17.0.7+7) (build 17.0.7+7)
# Java VM: OpenJDK 64-Bit Server VM Temurin-17.0.7+7 (17.0.7+7, mixed mode, sharing, tiered, compressed oops, compressed class ptrs, g1 gc, windows-amd64)
GC Precious Log:
 CPUs: 20 total, 20 available
 Memory: 16011M
 Large Page Support: Disabled
 NUMA Support: Disabled
 Compressed Oops: Enabled (Zero based)
 Heap Region Size: 2M
 Heap Min Capacity: 512M
 Heap Initial Capacity: 512M
 Heap Max Capacity: 4072M
 Pre-touch: Disabled
 Parallel Workers: 15
 Concurrent Workers: 4
 Concurrent Refinement Workers: 15
 Periodic GC: Disabled
 String Deduplication is enabled
Heap:
 garbage-first heap   total 524288K, used 131167K [0x0000000701800000, 0x0000000800000000)
  region size 2048K, 6 young (12288K), 1 survivors (2048K)
 Metaspace       used 89970K, committed 90816K, reserved 1179648K
  class space    used 11676K, committed 12224K, reserved 1048576K
GC Heap History (20 events):
Event: 6097.089 GC heap before
{Heap before GC invocations=1703 (full 1266):
 garbage-first heap   total 524288K, used 202327K [0x0000000701800000, 0x0000000800000000)
  region size 2048K, 40 young (81920K), 1 survivors (2048K)
 Metaspace       used 89936K, committed 90816K, reserved 1179648K
  class space    used 11676K, committed 12224K, reserved 1048576K
}
Event: 6097.091 GC heap after
{Heap after GC invocations=1704 (full 1266):
 garbage-first heap   total 524288K, used 122485K [0x0000000701800000, 0x0000000800000000)
  region size 2048K, 1 young (2048K), 1 survivors (2048K)
 Metaspace       used 89936K, committed 90816K, reserved 1179648K
  class space    used 11676K, committed 12224K, reserved 1048576K
}
Event: 6103.275 GC heap before
{Heap before GC invocations=1704 (full 1266):
 garbage-first heap   total 524288K, used 202357K [0x0000000701800000, 0x0000000800000000)
  region size 2048K, 40 young (81920K), 1 survivors (2048K)
 Metaspace       used 89939K, committed 90816K, reserved 1179648K
  class space    used 11676K, committed 12224K, reserved 1048576K
}
Event: 6103.278 GC heap after
{Heap after GC invocations=1705 (full 1266):
 garbage-first heap   total 524288K, used 122573K [0x0000000701800000, 0x0000000800000000)
  region size 2048K, 1 young (2048K), 1 survivors (2048K)
 Metaspace       used 89939K, committed 90816K, reserved 1179648K
  class space    used 11676K, committed 12224K, reserved 1048576K
}
Event: 6114.976 GC heap before
{Heap before GC invocations=1705 (full 1266):
 garbage-first heap   total 524288K, used 202445K [0x0000000701800000, 0x0000000800000000)
  region size 2048K, 40 young (81920K), 1 survivors (2048K)
 Metaspace       used 89947K, committed 90816K, reserved 1179648K
  class space    used 11676K, committed 12224K, reserved 1048576K
}
Event: 6114.979 GC heap after
{Heap after GC invocations=1706 (full 1266):
 garbage-first heap   total 524288K, used 122960K [0x0000000701800000, 0x0000000800000000)
  region size 2048K, 1 young (2048K), 1 survivors (2048K)
 Metaspace       used 89947K, committed 90816K, reserved 1179648K
  class space    used 11676K, committed 12224K, reserved 1048576K
}
Event: 6119.125 GC heap before
{Heap before GC invocations=1706 (full 1266):
 garbage-first heap   total 524288K, used 202832K [0x0000000701800000, 0x0000000800000000)
  region size 2048K, 40 young (81920K), 1 survivors (2048K)
 Metaspace       used 89947K, committed 90816K, reserved 1179648K
  class space    used 11676K, committed 12224K, reserved 1048576K
}
Event: 6119.128 GC heap after
{Heap after GC invocations=1707 (full 1266):
 garbage-first heap   total 524288K, used 122681K [0x0000000701800000, 0x0000000800000000)
  region size 2048K, 1 young (2048K), 1 survivors (2048K)
 Metaspace       used 89947K, committed 90816K, reserved 1179648K
  class space    used 11676K, committed 12224K, reserved 1048576K
}
Event: 6121.810 GC heap before
{Heap before GC invocations=1707 (full 1266):
 garbage-first heap   total 524288K, used 202553K [0x0000000701800000, 0x0000000800000000)
  region size 2048K, 40 young (81920K), 1 survivors (2048K)
 Metaspace       used 89947K, committed 90816K, reserved 1179648K
  class space    used 11676K, committed 12224K, reserved 1048576K
}
Event: 6121.812 GC heap after
{Heap after GC invocations=1708 (full 1266):
 garbage-first heap   total 524288K, used 122722K [0x0000000701800000, 0x0000000800000000)
  region size 2048K, 1 young (2048K), 1 survivors (2048K)
 Metaspace       used 89947K, committed 90816K, reserved 1179648K
  class space    used 11676K, committed 12224K, reserved 1048576K
}
Event: 6125.201 GC heap before
{Heap before GC invocations=1708 (full 1266):
 garbage-first heap   total 524288K, used 202594K [0x0000000701800000, 0x0000000800000000)
  region size 2048K, 40 young (81920K), 1 survivors (2048K)
 Metaspace       used 89952K, committed 90816K, reserved 1179648K
  class space    used 11676K, committed 12224K, reserved 1048576K
}
Event: 6125.203 GC heap after
{Heap after GC invocations=1709 (full 1266):
 garbage-first heap   total 524288K, used 123007K [0x0000000701800000, 0x0000000800000000)
  region size 2048K, 1 young (2048K), 1 survivors (2048K)
 Metaspace       used 89952K, committed 90816K, reserved 1179648K
  class space    used 11676K, committed 12224K, reserved 1048576K
}
Event: 6130.825 GC heap before
{Heap before GC invocations=1709 (full 1266):
 garbage-first heap   total 524288K, used 202879K [0x0000000701800000, 0x0000000800000000)
  region size 2048K, 40 young (81920K), 1 survivors (2048K)
 Metaspace       used 89953K, committed 90816K, reserved 1179648K
  class space    used 11676K, committed 12224K, reserved 1048576K
}
Event: 6130.829 GC heap after
{Heap after GC invocations=1710 (full 1266):
 garbage-first heap   total 524288K, used 122967K [0x0000000701800000, 0x0000000800000000)
  region size 2048K, 1 young (2048K), 1 survivors (2048K)
 Metaspace       used 89953K, committed 90816K, reserved 1179648K
  class space    used 11676K, committed 12224K, reserved 1048576K
}
Event: 6135.818 GC heap before
{Heap before GC invocations=1710 (full 1266):
 garbage-first heap   total 524288K, used 202839K [0x0000000701800000, 0x0000000800000000)
  region size 2048K, 40 young (81920K), 1 survivors (2048K)
 Metaspace       used 89953K, committed 90816K, reserved 1179648K
  class space    used 11676K, committed 12224K, reserved 1048576K
}
Event: 6135.821 GC heap after
{Heap after GC invocations=1711 (full 1266):
 garbage-first heap   total 524288K, used 122971K [0x0000000701800000, 0x0000000800000000)
  region size 2048K, 1 young (2048K), 1 survivors (2048K)
 Metaspace       used 89953K, committed 90816K, reserved 1179648K
  class space    used 11676K, committed 12224K, reserved 1048576K
}
Event: 6138.853 GC heap before
{Heap before GC invocations=1711 (full 1266):
 garbage-first heap   total 524288K, used 202843K [0x0000000701800000, 0x0000000800000000)
  region size 2048K, 40 young (81920K), 1 survivors (2048K)
 Metaspace       used 89953K, committed 90816K, reserved 1179648K
  class space    used 11676K, committed 12224K, reserved 1048576K
}
Event: 6138.856 GC heap after
{Heap after GC invocations=1712 (full 1266):
 garbage-first heap   total 524288K, used 123115K [0x0000000701800000, 0x0000000800000000)
  region size 2048K, 1 young (2048K), 1 survivors (2048K)
 Metaspace       used 89953K, committed 90816K, reserved 1179648K
  class space    used 11676K, committed 12224K, reserved 1048576K
}
Event: 6154.833 GC heap before
{Heap before GC invocations=1712 (full 1266):
 garbage-first heap   total 524288K, used 202987K [0x0000000701800000, 0x0000000800000000)
  region size 2048K, 40 young (81920K), 1 survivors (2048K)
 Metaspace       used 89970K, committed 90816K, reserved 1179648K
  class space    used 11676K, committed 12224K, reserved 1048576K
}
Event: 6154.842 GC heap after
{Heap after GC invocations=1713 (full 1266):
 garbage-first heap   total 524288K, used 122975K [0x0000000701800000, 0x0000000800000000)
  region size 2048K, 1 young (2048K), 1 survivors (2048K)
 Metaspace       used 89970K, committed 90816K, reserved 1179648K
  class space    used 11676K, committed 12224K, reserved 1048576K
}

