# JRE version: OpenJDK Runtime Environment Temurin-17.0.7+7 (17.0.7+7) (build 17.0.7+7)
# Java VM: OpenJDK 64-Bit Server VM Temurin-17.0.7+7 (17.0.7+7, mixed mode, sharing, tiered, compressed oops, compressed class ptrs, g1 gc, windows-amd64)
GC Precious Log:
 CPUs: 8 total, 8 available
 Memory: 16118M
 Large Page Support: Disabled
 NUMA Support: Disabled
 Compressed Oops: Enabled (Zero based)
 Heap Region Size: 2M
 Heap Min Capacity: 512M
 Heap Initial Capacity: 512M
 Heap Max Capacity: 4072M
 Pre-touch: Disabled
 Parallel Workers: 8
 Concurrent Workers: 2
 Concurrent Refinement Workers: 8
 Periodic GC: Disabled
 String Deduplication is enabled
Heap:
 garbage-first heap   total 524288K, used 109727K [0x0000000701800000, 0x0000000800000000)
  region size 2048K, 5 young (10240K), 1 survivors (2048K)
 Metaspace       used 88130K, committed 89344K, reserved 1179648K
  class space    used 11724K, committed 12224K, reserved 1048576K
GC Heap History (20 events):
Event: 4099.115 GC heap before
{Heap before GC invocations=268 (full 80):
 garbage-first heap   total 524288K, used 149242K [0x0000000701800000, 0x0000000800000000)
  region size 2048K, 23 young (47104K), 0 survivors (0K)
 Metaspace       used 88219K, committed 89280K, reserved 1179648K
  class space    used 11774K, committed 12224K, reserved 1048576K
}
Event: 4099.198 GC heap after
{Heap after GC invocations=269 (full 81):
 garbage-first heap   total 524288K, used 103630K [0x0000000701800000, 0x0000000800000000)
  region size 2048K, 0 young (0K), 0 survivors (0K)
 Metaspace       used 88081K, committed 89280K, reserved 1179648K
  class space    used 11742K, committed 12224K, reserved 1048576K
}
Event: 4110.086 GC heap before
{Heap before GC invocations=269 (full 81):
 garbage-first heap   total 524288K, used 128206K [0x0000000701800000, 0x0000000800000000)
  region size 2048K, 13 young (26624K), 0 survivors (0K)
 Metaspace       used 88088K, committed 89280K, reserved 1179648K
  class space    used 11742K, committed 12224K, reserved 1048576K
}
Event: 4110.166 GC heap after
{Heap after GC invocations=270 (full 82):
 garbage-first heap   total 524288K, used 102891K [0x0000000701800000, 0x0000000800000000)
  region size 2048K, 0 young (0K), 0 survivors (0K)
 Metaspace       used 87980K, committed 89280K, reserved 1179648K
  class space    used 11717K, committed 12224K, reserved 1048576K
}
Event: 4113.415 GC heap before
{Heap before GC invocations=270 (full 82):
 garbage-first heap   total 524288K, used 121323K [0x0000000701800000, 0x0000000800000000)
  region size 2048K, 10 young (20480K), 0 survivors (0K)
 Metaspace       used 88014K, committed 89280K, reserved 1179648K
  class space    used 11721K, committed 12224K, reserved 1048576K
}
Event: 4113.493 GC heap after
{Heap after GC invocations=271 (full 83):
 garbage-first heap   total 524288K, used 102973K [0x0000000701800000, 0x0000000800000000)
  region size 2048K, 0 young (0K), 0 survivors (0K)
 Metaspace       used 87997K, committed 89280K, reserved 1179648K
  class space    used 11717K, committed 12224K, reserved 1048576K
}
Event: 4147.031 GC heap before
{Heap before GC invocations=271 (full 83):
 garbage-first heap   total 524288K, used 184893K [0x0000000701800000, 0x0000000800000000)
  region size 2048K, 40 young (81920K), 0 survivors (0K)
 Metaspace       used 88006K, committed 89280K, reserved 1179648K
  class space    used 11717K, committed 12224K, reserved 1048576K
}
Event: 4147.033 GC heap after
{Heap after GC invocations=272 (full 83):
 garbage-first heap   total 524288K, used 103251K [0x0000000701800000, 0x0000000800000000)
  region size 2048K, 1 young (2048K), 1 survivors (2048K)
 Metaspace       used 88006K, committed 89280K, reserved 1179648K
  class space    used 11717K, committed 12224K, reserved 1048576K
}
Event: 4149.676 GC heap before
{Heap before GC invocations=272 (full 83):
 garbage-first heap   total 524288K, used 183123K [0x0000000701800000, 0x0000000800000000)
  region size 2048K, 40 young (81920K), 1 survivors (2048K)
 Metaspace       used 88036K, committed 89280K, reserved 1179648K
  class space    used 11717K, committed 12224K, reserved 1048576K
}
Event: 4149.677 GC heap after
{Heap after GC invocations=273 (full 83):
 garbage-first heap   total 524288K, used 103525K [0x0000000701800000, 0x0000000800000000)
  region size 2048K, 1 young (2048K), 1 survivors (2048K)
 Metaspace       used 88036K, committed 89280K, reserved 1179648K
  class space    used 11717K, committed 12224K, reserved 1048576K
}
Event: 4152.857 GC heap before
{Heap before GC invocations=273 (full 83):
 garbage-first heap   total 524288K, used 183397K [0x0000000701800000, 0x0000000800000000)
  region size 2048K, 40 young (81920K), 1 survivors (2048K)
 Metaspace       used 88053K, committed 89344K, reserved 1179648K
  class space    used 11720K, committed 12224K, reserved 1048576K
}
Event: 4152.859 GC heap after
{Heap after GC invocations=274 (full 83):
 garbage-first heap   total 524288K, used 105013K [0x0000000701800000, 0x0000000800000000)
  region size 2048K, 1 young (2048K), 1 survivors (2048K)
 Metaspace       used 88053K, committed 89344K, reserved 1179648K
  class space    used 11720K, committed 12224K, reserved 1048576K
}
Event: 4161.101 GC heap before
{Heap before GC invocations=274 (full 83):
 garbage-first heap   total 524288K, used 184885K [0x0000000701800000, 0x0000000800000000)
  region size 2048K, 40 young (81920K), 1 survivors (2048K)
 Metaspace       used 88093K, committed 89344K, reserved 1179648K
  class space    used 11720K, committed 12224K, reserved 1048576K
}
Event: 4161.103 GC heap after
{Heap after GC invocations=275 (full 83):
 garbage-first heap   total 524288K, used 104014K [0x0000000701800000, 0x0000000800000000)
  region size 2048K, 1 young (2048K), 1 survivors (2048K)
 Metaspace       used 88093K, committed 89344K, reserved 1179648K
  class space    used 11720K, committed 12224K, reserved 1048576K
}
Event: 4164.912 GC heap before
{Heap before GC invocations=275 (full 83):
 garbage-first heap   total 524288K, used 155214K [0x0000000701800000, 0x0000000800000000)
  region size 2048K, 21 young (43008K), 1 survivors (2048K)
 Metaspace       used 88101K, committed 89344K, reserved 1179648K
  class space    used 11720K, committed 12224K, reserved 1048576K
}
Event: 4164.970 GC heap after
{Heap after GC invocations=276 (full 84):
 garbage-first heap   total 524288K, used 102755K [0x0000000701800000, 0x0000000800000000)
  region size 2048K, 0 young (0K), 0 survivors (0K)
 Metaspace       used 88101K, committed 89344K, reserved 1179648K
  class space    used 11720K, committed 12224K, reserved 1048576K
}
Event: 4189.301 GC heap before
{Heap before GC invocations=276 (full 84):
 garbage-first heap   total 524288K, used 166243K [0x0000000701800000, 0x0000000800000000)
  region size 2048K, 26 young (53248K), 0 survivors (0K)
 Metaspace       used 88104K, committed 89344K, reserved 1179648K
  class space    used 11720K, committed 12224K, reserved 1048576K
}
Event: 4189.362 GC heap after
{Heap after GC invocations=277 (full 85):
 garbage-first heap   total 524288K, used 102828K [0x0000000701800000, 0x0000000800000000)
  region size 2048K, 0 young (0K), 0 survivors (0K)
 Metaspace       used 88104K, committed 89344K, reserved 1179648K
  class space    used 11720K, committed 12224K, reserved 1048576K
}
Event: 4245.276 GC heap before
{Heap before GC invocations=277 (full 85):
 garbage-first heap   total 524288K, used 184748K [0x0000000701800000, 0x0000000800000000)
  region size 2048K, 40 young (81920K), 0 survivors (0K)
 Metaspace       used 88129K, committed 89344K, reserved 1179648K
  class space    used 11724K, committed 12224K, reserved 1048576K
}
Event: 4245.279 GC heap after
{Heap after GC invocations=278 (full 85):
 garbage-first heap   total 524288K, used 103583K [0x0000000701800000, 0x0000000800000000)
  region size 2048K, 1 young (2048K), 1 survivors (2048K)
 Metaspace       used 88129K, committed 89344K, reserved 1179648K
  class space    used 11724K, committed 12224K, reserved 1048576K
}

