# JRE version: OpenJDK Runtime Environment Temurin-17.0.7+7 (17.0.7+7) (build 17.0.7+7)
# Java VM: OpenJDK 64-Bit Server VM Temurin-17.0.7+7 (17.0.7+7, mixed mode, sharing, tiered, compressed oops, compressed class ptrs, g1 gc, windows-amd64)
GC Precious Log:
 CPUs: 8 total, 8 available
 Memory: 16118M
 Large Page Support: Disabled
 NUMA Support: Disabled
 Compressed Oops: Enabled (Zero based)
 Heap Region Size: 2M
 Heap Min Capacity: 512M
 Heap Initial Capacity: 512M
 Heap Max Capacity: 4072M
 Pre-touch: Disabled
 Parallel Workers: 8
 Concurrent Workers: 2
 Concurrent Refinement Workers: 8
 Periodic GC: Disabled
 String Deduplication is enabled
Heap:
 garbage-first heap   total 524288K, used 102338K [0x0000000701800000, 0x0000000800000000)
  region size 2048K, 7 young (14336K), 3 survivors (6144K)
 Metaspace       used 85223K, committed 85888K, reserved 1179648K
  class space    used 11762K, committed 12096K, reserved 1048576K
GC Heap History (20 events):
Event: 369.189 GC heap before
{Heap before GC invocations=33 (full 5):
 garbage-first heap   total 524288K, used 171921K [0x0000000701800000, 0x0000000800000000)
  region size 2048K, 40 young (81920K), 2 survivors (4096K)
 Metaspace       used 84449K, committed 85120K, reserved 1179648K
  class space    used 11714K, committed 12032K, reserved 1048576K
}
Event: 369.193 GC heap after
{Heap after GC invocations=34 (full 5):
 garbage-first heap   total 524288K, used 93663K [0x0000000701800000, 0x0000000800000000)
  region size 2048K, 2 young (4096K), 2 survivors (4096K)
 Metaspace       used 84449K, committed 85120K, reserved 1179648K
  class space    used 11714K, committed 12032K, reserved 1048576K
}
Event: 384.301 GC heap before
{Heap before GC invocations=34 (full 5):
 garbage-first heap   total 524288K, used 171487K [0x0000000701800000, 0x0000000800000000)
  region size 2048K, 40 young (81920K), 2 survivors (4096K)
 Metaspace       used 84761K, committed 85440K, reserved 1179648K
  class space    used 11748K, committed 12096K, reserved 1048576K
}
Event: 384.304 GC heap after
{Heap after GC invocations=35 (full 5):
 garbage-first heap   total 524288K, used 93785K [0x0000000701800000, 0x0000000800000000)
  region size 2048K, 2 young (4096K), 2 survivors (4096K)
 Metaspace       used 84761K, committed 85440K, reserved 1179648K
  class space    used 11748K, committed 12096K, reserved 1048576K
}
Event: 386.311 GC heap before
{Heap before GC invocations=35 (full 5):
 garbage-first heap   total 524288K, used 171609K [0x0000000701800000, 0x0000000800000000)
  region size 2048K, 40 young (81920K), 2 survivors (4096K)
 Metaspace       used 84824K, committed 85504K, reserved 1179648K
  class space    used 11756K, committed 12096K, reserved 1048576K
}
Event: 386.313 GC heap after
{Heap after GC invocations=36 (full 5):
 garbage-first heap   total 524288K, used 94057K [0x0000000701800000, 0x0000000800000000)
  region size 2048K, 2 young (4096K), 2 survivors (4096K)
 Metaspace       used 84824K, committed 85504K, reserved 1179648K
  class space    used 11756K, committed 12096K, reserved 1048576K
}
Event: 399.712 GC heap before
{Heap before GC invocations=36 (full 5):
 garbage-first heap   total 524288K, used 171881K [0x0000000701800000, 0x0000000800000000)
  region size 2048K, 40 young (81920K), 2 survivors (4096K)
 Metaspace       used 84842K, committed 85504K, reserved 1179648K
  class space    used 11756K, committed 12096K, reserved 1048576K
}
Event: 399.715 GC heap after
{Heap after GC invocations=37 (full 5):
 garbage-first heap   total 524288K, used 94510K [0x0000000701800000, 0x0000000800000000)
  region size 2048K, 2 young (4096K), 2 survivors (4096K)
 Metaspace       used 84842K, committed 85504K, reserved 1179648K
  class space    used 11756K, committed 12096K, reserved 1048576K
}
Event: 458.800 GC heap before
{Heap before GC invocations=37 (full 5):
 garbage-first heap   total 524288K, used 172334K [0x0000000701800000, 0x0000000800000000)
  region size 2048K, 40 young (81920K), 2 survivors (4096K)
 Metaspace       used 84853K, committed 85568K, reserved 1179648K
  class space    used 11756K, committed 12096K, reserved 1048576K
}
Event: 458.806 GC heap after
{Heap after GC invocations=38 (full 5):
 garbage-first heap   total 524288K, used 94163K [0x0000000701800000, 0x0000000800000000)
  region size 2048K, 2 young (4096K), 2 survivors (4096K)
 Metaspace       used 84853K, committed 85568K, reserved 1179648K
  class space    used 11756K, committed 12096K, reserved 1048576K
}
Event: 509.096 GC heap before
{Heap before GC invocations=38 (full 5):
 garbage-first heap   total 524288K, used 171987K [0x0000000701800000, 0x0000000800000000)
  region size 2048K, 40 young (81920K), 2 survivors (4096K)
 Metaspace       used 85050K, committed 85760K, reserved 1179648K
  class space    used 11762K, committed 12096K, reserved 1048576K
}
Event: 509.099 GC heap after
{Heap after GC invocations=39 (full 5):
 garbage-first heap   total 524288K, used 94710K [0x0000000701800000, 0x0000000800000000)
  region size 2048K, 3 young (6144K), 3 survivors (6144K)
 Metaspace       used 85050K, committed 85760K, reserved 1179648K
  class space    used 11762K, committed 12096K, reserved 1048576K
}
Event: 509.961 GC heap before
{Heap before GC invocations=39 (full 5):
 garbage-first heap   total 524288K, used 170486K [0x0000000701800000, 0x0000000800000000)
  region size 2048K, 40 young (81920K), 3 survivors (6144K)
 Metaspace       used 85073K, committed 85760K, reserved 1179648K
  class space    used 11762K, committed 12096K, reserved 1048576K
}
Event: 509.963 GC heap after
{Heap after GC invocations=40 (full 5):
 garbage-first heap   total 524288K, used 94477K [0x0000000701800000, 0x0000000800000000)
  region size 2048K, 2 young (4096K), 2 survivors (4096K)
 Metaspace       used 85073K, committed 85760K, reserved 1179648K
  class space    used 11762K, committed 12096K, reserved 1048576K
}
Event: 514.239 GC heap before
{Heap before GC invocations=40 (full 5):
 garbage-first heap   total 524288K, used 172301K [0x0000000701800000, 0x0000000800000000)
  region size 2048K, 40 young (81920K), 2 survivors (4096K)
 Metaspace       used 85116K, committed 85760K, reserved 1179648K
  class space    used 11762K, committed 12096K, reserved 1048576K
}
Event: 514.243 GC heap after
{Heap after GC invocations=41 (full 5):
 garbage-first heap   total 524288K, used 94310K [0x0000000701800000, 0x0000000800000000)
  region size 2048K, 2 young (4096K), 2 survivors (4096K)
 Metaspace       used 85116K, committed 85760K, reserved 1179648K
  class space    used 11762K, committed 12096K, reserved 1048576K
}
Event: 517.796 GC heap before
{Heap before GC invocations=41 (full 5):
 garbage-first heap   total 524288K, used 172134K [0x0000000701800000, 0x0000000800000000)
  region size 2048K, 40 young (81920K), 2 survivors (4096K)
 Metaspace       used 85146K, committed 85888K, reserved 1179648K
  class space    used 11762K, committed 12096K, reserved 1048576K
}
Event: 517.800 GC heap after
{Heap after GC invocations=42 (full 5):
 garbage-first heap   total 524288K, used 94800K [0x0000000701800000, 0x0000000800000000)
  region size 2048K, 3 young (6144K), 3 survivors (6144K)
 Metaspace       used 85146K, committed 85888K, reserved 1179648K
  class space    used 11762K, committed 12096K, reserved 1048576K
}
Event: 535.152 GC heap before
{Heap before GC invocations=42 (full 5):
 garbage-first heap   total 524288K, used 170576K [0x0000000701800000, 0x0000000800000000)
  region size 2048K, 40 young (81920K), 3 survivors (6144K)
 Metaspace       used 85223K, committed 85888K, reserved 1179648K
  class space    used 11762K, committed 12096K, reserved 1048576K
}
Event: 535.156 GC heap after
{Heap after GC invocations=43 (full 5):
 garbage-first heap   total 524288K, used 96194K [0x0000000701800000, 0x0000000800000000)
  region size 2048K, 3 young (6144K), 3 survivors (6144K)
 Metaspace       used 85223K, committed 85888K, reserved 1179648K
  class space    used 11762K, committed 12096K, reserved 1048576K
}

