# JRE version: OpenJDK Runtime Environment Temurin-17.0.7+7 (17.0.7+7) (build 17.0.7+7)
# Java VM: OpenJDK 64-Bit Server VM Temurin-17.0.7+7 (17.0.7+7, mixed mode, sharing, tiered, compressed oops, compressed class ptrs, g1 gc, windows-amd64)
GC Precious Log:
 CPUs: 20 total, 20 available
 Memory: 16011M
 Large Page Support: Disabled
 NUMA Support: Disabled
 Compressed Oops: Enabled (Zero based)
 Heap Region Size: 2M
 Heap Min Capacity: 512M
 Heap Initial Capacity: 512M
 Heap Max Capacity: 4072M
 Pre-touch: Disabled
 Parallel Workers: 15
 Concurrent Workers: 4
 Concurrent Refinement Workers: 15
 Periodic GC: Disabled
 String Deduplication is enabled
Heap:
 garbage-first heap   total 524288K, used 74219K [0x0000000701800000, 0x0000000800000000)
  region size 2048K, 8 young (16384K), 2 survivors (4096K)
 Metaspace       used 81527K, committed 82112K, reserved 1179648K
  class space    used 11185K, committed 11520K, reserved 1048576K
GC Heap History (20 events):
Event: 10243.938 GC heap before
{Heap before GC invocations=183 (full 7):
 garbage-first heap   total 524288K, used 141098K [0x0000000701800000, 0x0000000800000000)
  region size 2048K, 40 young (81920K), 1 survivors (2048K)
 Metaspace       used 81168K, committed 81792K, reserved 1179648K
  class space    used 11153K, committed 11520K, reserved 1048576K
}
Event: 10243.941 GC heap after
{Heap after GC invocations=184 (full 7):
 garbage-first heap   total 524288K, used 61233K [0x0000000701800000, 0x0000000800000000)
  region size 2048K, 1 young (2048K), 1 survivors (2048K)
 Metaspace       used 81168K, committed 81792K, reserved 1179648K
  class space    used 11153K, committed 11520K, reserved 1048576K
}
Event: 10257.290 GC heap before
{Heap before GC invocations=184 (full 7):
 garbage-first heap   total 524288K, used 141105K [0x0000000701800000, 0x0000000800000000)
  region size 2048K, 40 young (81920K), 1 survivors (2048K)
 Metaspace       used 81209K, committed 81792K, reserved 1179648K
  class space    used 11153K, committed 11520K, reserved 1048576K
}
Event: 10257.293 GC heap after
{Heap after GC invocations=185 (full 7):
 garbage-first heap   total 524288K, used 61772K [0x0000000701800000, 0x0000000800000000)
  region size 2048K, 1 young (2048K), 1 survivors (2048K)
 Metaspace       used 81209K, committed 81792K, reserved 1179648K
  class space    used 11153K, committed 11520K, reserved 1048576K
}
Event: 10392.597 GC heap before
{Heap before GC invocations=185 (full 7):
 garbage-first heap   total 524288K, used 141644K [0x0000000701800000, 0x0000000800000000)
  region size 2048K, 40 young (81920K), 1 survivors (2048K)
 Metaspace       used 81213K, committed 81792K, reserved 1179648K
  class space    used 11153K, committed 11520K, reserved 1048576K
}
Event: 10392.604 GC heap after
{Heap after GC invocations=186 (full 7):
 garbage-first heap   total 524288K, used 61911K [0x0000000701800000, 0x0000000800000000)
  region size 2048K, 1 young (2048K), 1 survivors (2048K)
 Metaspace       used 81213K, committed 81792K, reserved 1179648K
  class space    used 11153K, committed 11520K, reserved 1048576K
}
Event: 10567.750 GC heap before
{Heap before GC invocations=186 (full 7):
 garbage-first heap   total 524288K, used 141783K [0x0000000701800000, 0x0000000800000000)
  region size 2048K, 40 young (81920K), 1 survivors (2048K)
 Metaspace       used 81214K, committed 81792K, reserved 1179648K
  class space    used 11153K, committed 11520K, reserved 1048576K
}
Event: 10567.754 GC heap after
{Heap after GC invocations=187 (full 7):
 garbage-first heap   total 524288K, used 61957K [0x0000000701800000, 0x0000000800000000)
  region size 2048K, 1 young (2048K), 1 survivors (2048K)
 Metaspace       used 81214K, committed 81792K, reserved 1179648K
  class space    used 11153K, committed 11520K, reserved 1048576K
}
Event: 10747.353 GC heap before
{Heap before GC invocations=187 (full 7):
 garbage-first heap   total 524288K, used 141829K [0x0000000701800000, 0x0000000800000000)
  region size 2048K, 40 young (81920K), 1 survivors (2048K)
 Metaspace       used 81214K, committed 81792K, reserved 1179648K
  class space    used 11153K, committed 11520K, reserved 1048576K
}
Event: 10747.357 GC heap after
{Heap after GC invocations=188 (full 7):
 garbage-first heap   total 524288K, used 62002K [0x0000000701800000, 0x0000000800000000)
  region size 2048K, 1 young (2048K), 1 survivors (2048K)
 Metaspace       used 81214K, committed 81792K, reserved 1179648K
  class space    used 11153K, committed 11520K, reserved 1048576K
}
Event: 10925.800 GC heap before
{Heap before GC invocations=188 (full 7):
 garbage-first heap   total 524288K, used 141874K [0x0000000701800000, 0x0000000800000000)
  region size 2048K, 40 young (81920K), 1 survivors (2048K)
 Metaspace       used 81214K, committed 81792K, reserved 1179648K
  class space    used 11153K, committed 11520K, reserved 1048576K
}
Event: 10925.806 GC heap after
{Heap after GC invocations=189 (full 7):
 garbage-first heap   total 524288K, used 61981K [0x0000000701800000, 0x0000000800000000)
  region size 2048K, 1 young (2048K), 1 survivors (2048K)
 Metaspace       used 81214K, committed 81792K, reserved 1179648K
  class space    used 11153K, committed 11520K, reserved 1048576K
}
Event: 11103.176 GC heap before
{Heap before GC invocations=189 (full 7):
 garbage-first heap   total 524288K, used 141853K [0x0000000701800000, 0x0000000800000000)
  region size 2048K, 40 young (81920K), 1 survivors (2048K)
 Metaspace       used 81215K, committed 81792K, reserved 1179648K
  class space    used 11153K, committed 11520K, reserved 1048576K
}
Event: 11103.184 GC heap after
{Heap after GC invocations=190 (full 7):
 garbage-first heap   total 524288K, used 61982K [0x0000000701800000, 0x0000000800000000)
  region size 2048K, 1 young (2048K), 1 survivors (2048K)
 Metaspace       used 81215K, committed 81792K, reserved 1179648K
  class space    used 11153K, committed 11520K, reserved 1048576K
}
Event: 11157.408 GC heap before
{Heap before GC invocations=190 (full 7):
 garbage-first heap   total 524288K, used 141854K [0x0000000701800000, 0x0000000800000000)
  region size 2048K, 40 young (81920K), 1 survivors (2048K)
 Metaspace       used 81225K, committed 81792K, reserved 1179648K
  class space    used 11153K, committed 11520K, reserved 1048576K
}
Event: 11157.411 GC heap after
{Heap after GC invocations=191 (full 7):
 garbage-first heap   total 524288K, used 61936K [0x0000000701800000, 0x0000000800000000)
  region size 2048K, 1 young (2048K), 1 survivors (2048K)
 Metaspace       used 81225K, committed 81792K, reserved 1179648K
  class space    used 11153K, committed 11520K, reserved 1048576K
}
Event: 11200.394 GC heap before
{Heap before GC invocations=191 (full 7):
 garbage-first heap   total 524288K, used 139760K [0x0000000701800000, 0x0000000800000000)
  region size 2048K, 40 young (81920K), 1 survivors (2048K)
 Metaspace       used 81489K, committed 82112K, reserved 1179648K
  class space    used 11181K, committed 11520K, reserved 1048576K
}
Event: 11200.399 GC heap after
{Heap after GC invocations=192 (full 7):
 garbage-first heap   total 524288K, used 63505K [0x0000000701800000, 0x0000000800000000)
  region size 2048K, 2 young (4096K), 2 survivors (4096K)
 Metaspace       used 81489K, committed 82112K, reserved 1179648K
  class space    used 11181K, committed 11520K, reserved 1048576K
}
Event: 11204.441 GC heap before
{Heap before GC invocations=192 (full 7):
 garbage-first heap   total 524288K, used 141329K [0x0000000701800000, 0x0000000800000000)
  region size 2048K, 40 young (81920K), 2 survivors (4096K)
 Metaspace       used 81527K, committed 82112K, reserved 1179648K
  class space    used 11185K, committed 11520K, reserved 1048576K
}
Event: 11204.443 GC heap after
{Heap after GC invocations=193 (full 7):
 garbage-first heap   total 524288K, used 63979K [0x0000000701800000, 0x0000000800000000)
  region size 2048K, 2 young (4096K), 2 survivors (4096K)
 Metaspace       used 81527K, committed 82112K, reserved 1179648K
  class space    used 11185K, committed 11520K, reserved 1048576K
}

