# JRE version: OpenJDK Runtime Environment Temurin-17.0.7+7 (17.0.7+7) (build 17.0.7+7)
# Java VM: OpenJDK 64-Bit Server VM Temurin-17.0.7+7 (17.0.7+7, mixed mode, sharing, tiered, compressed oops, compressed class ptrs, g1 gc, windows-amd64)
GC Precious Log:
 CPUs: 20 total, 20 available
 Memory: 16011M
 Large Page Support: Disabled
 NUMA Support: Disabled
 Compressed Oops: Enabled (Zero based)
 Heap Region Size: 2M
 Heap Min Capacity: 512M
 Heap Initial Capacity: 512M
 Heap Max Capacity: 4072M
 Pre-touch: Disabled
 Parallel Workers: 15
 Concurrent Workers: 4
 Concurrent Refinement Workers: 15
 Periodic GC: Disabled
 String Deduplication is enabled
Heap:
 garbage-first heap   total 524288K, used 145685K [0x0000000701800000, 0x0000000800000000)
  region size 2048K, 28 young (57344K), 0 survivors (0K)
 Metaspace       used 86093K, committed 86848K, reserved 1179648K
  class space    used 11765K, committed 12160K, reserved 1048576K
GC Heap History (20 events):
Event: 303.749 GC heap before
{Heap before GC invocations=111 (full 66):
 garbage-first heap   total 524288K, used 86893K [0x0000000701800000, 0x0000000800000000)
  region size 2048K, 1 young (2048K), 0 survivors (0K)
 Metaspace       used 85369K, committed 86144K, reserved 1179648K
  class space    used 11730K, committed 12096K, reserved 1048576K
}
Event: 303.827 GC heap after
{Heap after GC invocations=112 (full 67):
 garbage-first heap   total 524288K, used 84843K [0x0000000701800000, 0x0000000800000000)
  region size 2048K, 0 young (0K), 0 survivors (0K)
 Metaspace       used 85369K, committed 86144K, reserved 1179648K
  class space    used 11730K, committed 12096K, reserved 1048576K
}
Event: 303.844 GC heap before
{Heap before GC invocations=112 (full 67):
 garbage-first heap   total 524288K, used 84843K [0x0000000701800000, 0x0000000800000000)
  region size 2048K, 1 young (2048K), 0 survivors (0K)
 Metaspace       used 85394K, committed 86144K, reserved 1179648K
  class space    used 11730K, committed 12096K, reserved 1048576K
}
Event: 303.921 GC heap after
{Heap after GC invocations=113 (full 68):
 garbage-first heap   total 524288K, used 84842K [0x0000000701800000, 0x0000000800000000)
  region size 2048K, 0 young (0K), 0 survivors (0K)
 Metaspace       used 85394K, committed 86144K, reserved 1179648K
  class space    used 11730K, committed 12096K, reserved 1048576K
}
Event: 303.940 GC heap before
{Heap before GC invocations=113 (full 68):
 garbage-first heap   total 524288K, used 84842K [0x0000000701800000, 0x0000000800000000)
  region size 2048K, 1 young (2048K), 0 survivors (0K)
 Metaspace       used 85394K, committed 86144K, reserved 1179648K
  class space    used 11730K, committed 12096K, reserved 1048576K
}
Event: 304.020 GC heap after
{Heap after GC invocations=114 (full 69):
 garbage-first heap   total 524288K, used 84843K [0x0000000701800000, 0x0000000800000000)
  region size 2048K, 0 young (0K), 0 survivors (0K)
 Metaspace       used 85394K, committed 86144K, reserved 1179648K
  class space    used 11730K, committed 12096K, reserved 1048576K
}
Event: 304.098 GC heap before
{Heap before GC invocations=114 (full 69):
 garbage-first heap   total 524288K, used 86891K [0x0000000701800000, 0x0000000800000000)
  region size 2048K, 1 young (2048K), 0 survivors (0K)
 Metaspace       used 85395K, committed 86144K, reserved 1179648K
  class space    used 11730K, committed 12096K, reserved 1048576K
}
Event: 304.195 GC heap after
{Heap after GC invocations=115 (full 70):
 garbage-first heap   total 524288K, used 84839K [0x0000000701800000, 0x0000000800000000)
  region size 2048K, 0 young (0K), 0 survivors (0K)
 Metaspace       used 85395K, committed 86144K, reserved 1179648K
  class space    used 11730K, committed 12096K, reserved 1048576K
}
Event: 315.368 GC heap before
{Heap before GC invocations=115 (full 70):
 garbage-first heap   total 524288K, used 166759K [0x0000000701800000, 0x0000000800000000)
  region size 2048K, 40 young (81920K), 0 survivors (0K)
 Metaspace       used 85430K, committed 86208K, reserved 1179648K
  class space    used 11730K, committed 12096K, reserved 1048576K
}
Event: 315.372 GC heap after
{Heap after GC invocations=116 (full 70):
 garbage-first heap   total 524288K, used 85119K [0x0000000701800000, 0x0000000800000000)
  region size 2048K, 1 young (2048K), 1 survivors (2048K)
 Metaspace       used 85430K, committed 86208K, reserved 1179648K
  class space    used 11730K, committed 12096K, reserved 1048576K
}
Event: 333.200 GC heap before
{Heap before GC invocations=116 (full 70):
 garbage-first heap   total 524288K, used 164991K [0x0000000701800000, 0x0000000800000000)
  region size 2048K, 40 young (81920K), 1 survivors (2048K)
 Metaspace       used 85456K, committed 86208K, reserved 1179648K
  class space    used 11731K, committed 12096K, reserved 1048576K
}
Event: 333.204 GC heap after
{Heap after GC invocations=117 (full 70):
 garbage-first heap   total 524288K, used 85240K [0x0000000701800000, 0x0000000800000000)
  region size 2048K, 1 young (2048K), 1 survivors (2048K)
 Metaspace       used 85456K, committed 86208K, reserved 1179648K
  class space    used 11731K, committed 12096K, reserved 1048576K
}
Event: 337.804 GC heap before
{Heap before GC invocations=117 (full 70):
 garbage-first heap   total 524288K, used 165112K [0x0000000701800000, 0x0000000800000000)
  region size 2048K, 40 young (81920K), 1 survivors (2048K)
 Metaspace       used 85603K, committed 86400K, reserved 1179648K
  class space    used 11748K, committed 12160K, reserved 1048576K
}
Event: 337.807 GC heap after
{Heap after GC invocations=118 (full 70):
 garbage-first heap   total 524288K, used 86649K [0x0000000701800000, 0x0000000800000000)
  region size 2048K, 1 young (2048K), 1 survivors (2048K)
 Metaspace       used 85603K, committed 86400K, reserved 1179648K
  class space    used 11748K, committed 12160K, reserved 1048576K
}
Event: 340.054 GC heap before
{Heap before GC invocations=118 (full 70):
 garbage-first heap   total 524288K, used 166521K [0x0000000701800000, 0x0000000800000000)
  region size 2048K, 40 young (81920K), 1 survivors (2048K)
 Metaspace       used 85851K, committed 86656K, reserved 1179648K
  class space    used 11763K, committed 12160K, reserved 1048576K
}
Event: 340.059 GC heap after
{Heap after GC invocations=119 (full 70):
 garbage-first heap   total 524288K, used 88525K [0x0000000701800000, 0x0000000800000000)
  region size 2048K, 2 young (4096K), 2 survivors (4096K)
 Metaspace       used 85851K, committed 86656K, reserved 1179648K
  class space    used 11763K, committed 12160K, reserved 1048576K
}
Event: 350.989 GC heap before
{Heap before GC invocations=119 (full 70):
 garbage-first heap   total 524288K, used 166349K [0x0000000701800000, 0x0000000800000000)
  region size 2048K, 40 young (81920K), 2 survivors (4096K)
 Metaspace       used 85979K, committed 86784K, reserved 1179648K
  class space    used 11764K, committed 12160K, reserved 1048576K
}
Event: 350.999 GC heap after
{Heap after GC invocations=120 (full 70):
 garbage-first heap   total 524288K, used 92387K [0x0000000701800000, 0x0000000800000000)
  region size 2048K, 4 young (8192K), 4 survivors (8192K)
 Metaspace       used 85979K, committed 86784K, reserved 1179648K
  class space    used 11764K, committed 12160K, reserved 1048576K
}
Event: 351.404 GC heap before
{Heap before GC invocations=120 (full 70):
 garbage-first heap   total 524288K, used 123107K [0x0000000701800000, 0x0000000800000000)
  region size 2048K, 17 young (34816K), 4 survivors (8192K)
 Metaspace       used 86026K, committed 86784K, reserved 1179648K
  class space    used 11764K, committed 12160K, reserved 1048576K
}
Event: 351.474 GC heap after
{Heap after GC invocations=121 (full 71):
 garbage-first heap   total 524288K, used 88341K [0x0000000701800000, 0x0000000800000000)
  region size 2048K, 0 young (0K), 0 survivors (0K)
 Metaspace       used 86026K, committed 86784K, reserved 1179648K
  class space    used 11764K, committed 12160K, reserved 1048576K
}

