# JRE version: OpenJDK Runtime Environment Temurin-17.0.7+7 (17.0.7+7) (build 17.0.7+7)
# Java VM: OpenJDK 64-Bit Server VM Temurin-17.0.7+7 (17.0.7+7, mixed mode, sharing, tiered, compressed oops, compressed class ptrs, g1 gc, windows-amd64)
GC Precious Log:
 CPUs: 8 total, 8 available
 Memory: 16118M
 Large Page Support: Disabled
 NUMA Support: Disabled
 Compressed Oops: Enabled (Zero based)
 Heap Region Size: 2M
 Heap Min Capacity: 512M
 Heap Initial Capacity: 512M
 Heap Max Capacity: 4072M
 Pre-touch: Disabled
 Parallel Workers: 8
 Concurrent Workers: 2
 Concurrent Refinement Workers: 8
 Periodic GC: Disabled
 String Deduplication is enabled
Heap:
 garbage-first heap   total 524288K, used 102656K [0x0000000701800000, 0x0000000800000000)
  region size 2048K, 3 young (6144K), 1 survivors (2048K)
 Metaspace       used 87548K, committed 88256K, reserved 1179648K
  class space    used 11810K, committed 12160K, reserved 1048576K
GC Heap History (20 events):
Event: 2191.826 GC heap before
{Heap before GC invocations=126 (full 39):
 garbage-first heap   total 524288K, used 173508K [0x0000000701800000, 0x0000000800000000)
  region size 2048K, 40 young (81920K), 2 survivors (4096K)
 Metaspace       used 87113K, committed 87744K, reserved 1179648K
  class space    used 11780K, committed 12096K, reserved 1048576K
}
Event: 2191.828 GC heap after
{Heap after GC invocations=127 (full 39):
 garbage-first heap   total 524288K, used 95767K [0x0000000701800000, 0x0000000800000000)
  region size 2048K, 2 young (4096K), 2 survivors (4096K)
 Metaspace       used 87113K, committed 87744K, reserved 1179648K
  class space    used 11780K, committed 12096K, reserved 1048576K
}
Event: 2197.334 GC heap before
{Heap before GC invocations=127 (full 39):
 garbage-first heap   total 524288K, used 173591K [0x0000000701800000, 0x0000000800000000)
  region size 2048K, 40 young (81920K), 2 survivors (4096K)
 Metaspace       used 87141K, committed 87808K, reserved 1179648K
  class space    used 11780K, committed 12096K, reserved 1048576K
}
Event: 2197.337 GC heap after
{Heap after GC invocations=128 (full 39):
 garbage-first heap   total 524288K, used 95317K [0x0000000701800000, 0x0000000800000000)
  region size 2048K, 2 young (4096K), 2 survivors (4096K)
 Metaspace       used 87141K, committed 87808K, reserved 1179648K
  class space    used 11780K, committed 12096K, reserved 1048576K
}
Event: 2200.540 GC heap before
{Heap before GC invocations=128 (full 39):
 garbage-first heap   total 524288K, used 111701K [0x0000000701800000, 0x0000000800000000)
  region size 2048K, 11 young (22528K), 2 survivors (4096K)
 Metaspace       used 87142K, committed 87808K, reserved 1179648K
  class space    used 11780K, committed 12096K, reserved 1048576K
}
Event: 2200.604 GC heap after
{Heap after GC invocations=129 (full 40):
 garbage-first heap   total 524288K, used 93486K [0x0000000701800000, 0x0000000800000000)
  region size 2048K, 0 young (0K), 0 survivors (0K)
 Metaspace       used 87142K, committed 87808K, reserved 1179648K
  class space    used 11780K, committed 12096K, reserved 1048576K
}
Event: 2238.818 GC heap before
{Heap before GC invocations=129 (full 40):
 garbage-first heap   total 524288K, used 187694K [0x0000000701800000, 0x0000000800000000)
  region size 2048K, 40 young (81920K), 0 survivors (0K)
 Metaspace       used 87157K, committed 87872K, reserved 1179648K
  class space    used 11780K, committed 12096K, reserved 1048576K
}
Event: 2238.820 GC heap after
{Heap after GC invocations=130 (full 40):
 garbage-first heap   total 524288K, used 106488K [0x0000000701800000, 0x0000000800000000)
  region size 2048K, 1 young (2048K), 1 survivors (2048K)
 Metaspace       used 87157K, committed 87872K, reserved 1179648K
  class space    used 11780K, committed 12096K, reserved 1048576K
}
Event: 2290.645 GC heap before
{Heap before GC invocations=130 (full 40):
 garbage-first heap   total 524288K, used 186360K [0x0000000701800000, 0x0000000800000000)
  region size 2048K, 40 young (81920K), 1 survivors (2048K)
 Metaspace       used 87182K, committed 87872K, reserved 1179648K
  class space    used 11780K, committed 12096K, reserved 1048576K
}
Event: 2290.648 GC heap after
{Heap after GC invocations=131 (full 40):
 garbage-first heap   total 524288K, used 100074K [0x0000000701800000, 0x0000000800000000)
  region size 2048K, 1 young (2048K), 1 survivors (2048K)
 Metaspace       used 87182K, committed 87872K, reserved 1179648K
  class space    used 11780K, committed 12096K, reserved 1048576K
}
Event: 2325.292 GC heap before
{Heap before GC invocations=131 (full 40):
 garbage-first heap   total 524288K, used 179946K [0x0000000701800000, 0x0000000800000000)
  region size 2048K, 40 young (81920K), 1 survivors (2048K)
 Metaspace       used 87183K, committed 87872K, reserved 1179648K
  class space    used 11780K, committed 12096K, reserved 1048576K
}
Event: 2325.294 GC heap after
{Heap after GC invocations=132 (full 40):
 garbage-first heap   total 524288K, used 100108K [0x0000000701800000, 0x0000000800000000)
  region size 2048K, 1 young (2048K), 1 survivors (2048K)
 Metaspace       used 87183K, committed 87872K, reserved 1179648K
  class space    used 11780K, committed 12096K, reserved 1048576K
}
Event: 2335.891 GC heap before
{Heap before GC invocations=132 (full 40):
 garbage-first heap   total 524288K, used 179980K [0x0000000701800000, 0x0000000800000000)
  region size 2048K, 40 young (81920K), 1 survivors (2048K)
 Metaspace       used 87221K, committed 87936K, reserved 1179648K
  class space    used 11780K, committed 12096K, reserved 1048576K
}
Event: 2335.894 GC heap after
{Heap after GC invocations=133 (full 40):
 garbage-first heap   total 524288K, used 101210K [0x0000000701800000, 0x0000000800000000)
  region size 2048K, 1 young (2048K), 1 survivors (2048K)
 Metaspace       used 87221K, committed 87936K, reserved 1179648K
  class space    used 11780K, committed 12096K, reserved 1048576K
}
Event: 2337.904 GC heap before
{Heap before GC invocations=133 (full 40):
 garbage-first heap   total 524288K, used 181082K [0x0000000701800000, 0x0000000800000000)
  region size 2048K, 40 young (81920K), 1 survivors (2048K)
 Metaspace       used 87231K, committed 87936K, reserved 1179648K
  class space    used 11780K, committed 12096K, reserved 1048576K
}
Event: 2337.906 GC heap after
{Heap after GC invocations=134 (full 40):
 garbage-first heap   total 524288K, used 100580K [0x0000000701800000, 0x0000000800000000)
  region size 2048K, 1 young (2048K), 1 survivors (2048K)
 Metaspace       used 87231K, committed 87936K, reserved 1179648K
  class space    used 11780K, committed 12096K, reserved 1048576K
}
Event: 2356.339 GC heap before
{Heap before GC invocations=134 (full 40):
 garbage-first heap   total 524288K, used 180452K [0x0000000701800000, 0x0000000800000000)
  region size 2048K, 40 young (81920K), 1 survivors (2048K)
 Metaspace       used 87268K, committed 87936K, reserved 1179648K
  class space    used 11784K, committed 12096K, reserved 1048576K
}
Event: 2356.341 GC heap after
{Heap after GC invocations=135 (full 40):
 garbage-first heap   total 524288K, used 100562K [0x0000000701800000, 0x0000000800000000)
  region size 2048K, 1 young (2048K), 1 survivors (2048K)
 Metaspace       used 87268K, committed 87936K, reserved 1179648K
  class space    used 11784K, committed 12096K, reserved 1048576K
}
Event: 2378.632 GC heap before
{Heap before GC invocations=135 (full 40):
 garbage-first heap   total 524288K, used 180434K [0x0000000701800000, 0x0000000800000000)
  region size 2048K, 40 young (81920K), 1 survivors (2048K)
 Metaspace       used 87548K, committed 88256K, reserved 1179648K
  class space    used 11810K, committed 12160K, reserved 1048576K
}
Event: 2378.634 GC heap after
{Heap after GC invocations=136 (full 40):
 garbage-first heap   total 524288K, used 100608K [0x0000000701800000, 0x0000000800000000)
  region size 2048K, 1 young (2048K), 1 survivors (2048K)
 Metaspace       used 87548K, committed 88256K, reserved 1179648K
  class space    used 11810K, committed 12160K, reserved 1048576K
}

